2026-05-29 15:22:27,284 - apscheduler.scheduler - INFO - Scheduler started
2026-05-29 15:22:27,285 - __main__ - INFO - Бот запущен в штатном режиме.
2026-05-29 15:22:27,582 - aiogram.dispatcher - INFO - Start polling
2026-05-29 15:22:27,646 - aiogram.dispatcher - INFO - Run polling for bot @e_ksiegowa_bot id=7662501089 - '@e_k_bot_test'
2026-05-29 15:23:35,461 - aiogram.dispatcher - INFO - Polling stopped
2026-05-29 15:23:35,463 - aiogram.dispatcher - ERROR - Failed to fetch updates - TelegramNetworkError: HTTP Client says - ServerDisconnectedError: Server disconnected
2026-05-29 15:23:35,463 - aiogram.dispatcher - WARNING - Sleep for 1.000000 seconds and try again... (tryings = 0, bot id = 7662501089)
2026-05-29 15:23:35,717 - aiogram.dispatcher - INFO - Polling stopped for bot @e_ksiegowa_bot id=7662501089 - '@e_k_bot_test'
2026-05-29 15:28:26,755 - apscheduler.scheduler - INFO - Scheduler started
2026-05-29 15:28:26,756 - __main__ - INFO - Бот запущен в штатном режиме.
2026-05-29 15:28:26,913 - aiogram.dispatcher - INFO - Start polling
2026-05-29 15:28:26,951 - aiogram.dispatcher - INFO - Run polling for bot @e_ksiegowa_bot id=7662501089 - '@e_k_bot_test'
2026-05-29 15:29:28,901 - aiogram.dispatcher - INFO - Polling stopped
2026-05-29 15:29:28,902 - aiogram.dispatcher - ERROR - Failed to fetch updates - TelegramNetworkError: HTTP Client says - ServerDisconnectedError: Server disconnected
2026-05-29 15:29:28,902 - aiogram.dispatcher - WARNING - Sleep for 1.000000 seconds and try again... (tryings = 0, bot id = 7662501089)
2026-05-29 15:29:29,168 - aiogram.dispatcher - INFO - Polling stopped for bot @e_ksiegowa_bot id=7662501089 - '@e_k_bot_test'
2026-05-29 15:55:11,298 - apscheduler.scheduler - INFO - Scheduler started
2026-05-29 15:55:11,298 - __main__ - INFO - Бот запущен в штатном режиме.
2026-05-29 15:55:11,444 - aiogram.dispatcher - INFO - Start polling
2026-05-29 15:55:11,476 - aiogram.dispatcher - INFO - Run polling for bot @e_ksiegowa_bot id=7662501089 - '@e_k_bot_test'
2026-05-29 15:59:41,855 - aiogram.dispatcher - INFO - Polling stopped
2026-05-29 15:59:41,855 - aiogram.dispatcher - ERROR - Failed to fetch updates - TelegramNetworkError: HTTP Client says - ServerDisconnectedError: Server disconnected
2026-05-29 15:59:41,855 - aiogram.dispatcher - WARNING - Sleep for 1.000000 seconds and try again... (tryings = 0, bot id = 7662501089)
2026-05-29 15:59:42,121 - aiogram.dispatcher - INFO - Polling stopped for bot @e_ksiegowa_bot id=7662501089 - '@e_k_bot_test'
2026-05-29 16:00:13,973 - apscheduler.scheduler - INFO - Scheduler started
2026-05-29 16:00:13,973 - __main__ - INFO - Бот запущен в штатном режиме.
2026-05-29 16:00:14,925 - aiogram.dispatcher - INFO - Start polling
2026-05-29 16:00:14,965 - aiogram.dispatcher - INFO - Run polling for bot @e_ksiegowa_bot id=7662501089 - '@e_k_bot_test'
2026-05-29 16:01:28,752 - aiogram.dispatcher - INFO - Polling stopped
2026-05-29 16:01:28,753 - aiogram.dispatcher - ERROR - Failed to fetch updates - TelegramNetworkError: HTTP Client says - ServerDisconnectedError: Server disconnected
2026-05-29 16:01:28,753 - aiogram.dispatcher - WARNING - Sleep for 1.000000 seconds and try again... (tryings = 0, bot id = 7662501089)
2026-05-29 16:01:29,012 - aiogram.dispatcher - INFO - Polling stopped for bot @e_ksiegowa_bot id=7662501089 - '@e_k_bot_test'
2026-05-29 16:09:27,166 - apscheduler.scheduler - INFO - Scheduler started
2026-05-29 16:09:27,167 - __main__ - INFO - Бот запущен в штатном режиме.
2026-05-29 16:09:27,326 - aiogram.dispatcher - INFO - Start polling
2026-05-29 16:09:27,363 - aiogram.dispatcher - INFO - Run polling for bot @e_ksiegowa_bot id=7662501089 - '@e_k_bot_test'
2026-05-29 16:26:53,742 - aiogram.dispatcher - INFO - Polling stopped
2026-05-29 16:26:53,743 - aiogram.dispatcher - ERROR - Failed to fetch updates - TelegramNetworkError: HTTP Client says - ServerDisconnectedError: Server disconnected
2026-05-29 16:26:53,743 - aiogram.dispatcher - WARNING - Sleep for 1.000000 seconds and try again... (tryings = 0, bot id = 7662501089)
2026-05-29 16:26:54,007 - aiogram.dispatcher - INFO - Polling stopped for bot @e_ksiegowa_bot id=7662501089 - '@e_k_bot_test'
2026-05-29 16:28:06,252 - apscheduler.scheduler - INFO - Scheduler started
2026-05-29 16:28:06,252 - __main__ - INFO - Бот запущен в штатном режиме.
2026-05-29 16:28:06,407 - aiogram.dispatcher - INFO - Start polling
2026-05-29 16:28:06,441 - aiogram.dispatcher - INFO - Run polling for bot @e_ksiegowa_bot id=7662501089 - '@e_k_bot_test'
2026-05-29 16:30:15,136 - aiogram.dispatcher - INFO - Polling stopped
2026-05-29 16:30:15,137 - aiogram.dispatcher - ERROR - Failed to fetch updates - TelegramNetworkError: HTTP Client says - ServerDisconnectedError: Server disconnected
2026-05-29 16:30:15,138 - aiogram.dispatcher - WARNING - Sleep for 1.000000 seconds and try again... (tryings = 0, bot id = 7662501089)
2026-05-29 16:30:15,388 - aiogram.dispatcher - INFO - Polling stopped for bot @e_ksiegowa_bot id=7662501089 - '@e_k_bot_test'
2026-05-29 16:30:53,041 - apscheduler.scheduler - INFO - Scheduler started
2026-05-29 16:30:53,041 - __main__ - INFO - Бот запущен в штатном режиме.
2026-05-29 16:30:53,156 - aiogram.dispatcher - INFO - Start polling
2026-05-29 16:30:53,195 - aiogram.dispatcher - INFO - Run polling for bot @e_ksiegowa_bot id=7662501089 - '@e_k_bot_test'
2026-05-29 16:34:50,326 - aiogram.dispatcher - INFO - Polling stopped
2026-05-29 16:34:50,327 - aiogram.dispatcher - ERROR - Failed to fetch updates - TelegramNetworkError: HTTP Client says - ServerDisconnectedError: Server disconnected
2026-05-29 16:34:50,327 - aiogram.dispatcher - WARNING - Sleep for 1.000000 seconds and try again... (tryings = 0, bot id = 7662501089)
2026-05-29 16:34:50,589 - aiogram.dispatcher - INFO - Polling stopped for bot @e_ksiegowa_bot id=7662501089 - '@e_k_bot_test'
2026-05-29 16:38:21,970 - apscheduler.scheduler - INFO - Scheduler started
2026-05-29 16:38:21,970 - __main__ - INFO - Бот запущен в штатном режиме.
2026-05-29 16:38:22,142 - aiogram.dispatcher - INFO - Start polling
2026-05-29 16:38:22,180 - aiogram.dispatcher - INFO - Run polling for bot @e_ksiegowa_bot id=7662501089 - '@e_k_bot_test'
2026-05-29 16:39:14,212 - aiogram.dispatcher - INFO - Polling stopped
2026-05-29 16:39:14,213 - aiogram.dispatcher - ERROR - Failed to fetch updates - TelegramNetworkError: HTTP Client says - ServerDisconnectedError: Server disconnected
2026-05-29 16:39:14,213 - aiogram.dispatcher - WARNING - Sleep for 1.000000 seconds and try again... (tryings = 0, bot id = 7662501089)
2026-05-29 16:39:14,466 - aiogram.dispatcher - INFO - Polling stopped for bot @e_ksiegowa_bot id=7662501089 - '@e_k_bot_test'
2026-05-29 16:56:01,909 - apscheduler.scheduler - INFO - Scheduler started
2026-05-29 16:56:01,909 - __main__ - INFO - Бот запущен в штатном режиме.
2026-05-29 16:56:02,026 - aiogram.dispatcher - INFO - Start polling
2026-05-29 16:56:02,057 - aiogram.dispatcher - INFO - Run polling for bot @e_ksiegowa_bot id=7662501089 - '@e_k_bot_test'
2026-05-29 17:02:33,954 - aiogram.dispatcher - INFO - Polling stopped
2026-05-29 17:02:33,955 - aiogram.dispatcher - ERROR - Failed to fetch updates - TelegramNetworkError: HTTP Client says - ServerDisconnectedError: Server disconnected
2026-05-29 17:02:33,955 - aiogram.dispatcher - WARNING - Sleep for 1.000000 seconds and try again... (tryings = 0, bot id = 7662501089)
2026-05-29 17:02:34,220 - aiogram.dispatcher - INFO - Polling stopped for bot @e_ksiegowa_bot id=7662501089 - '@e_k_bot_test'
2026-05-29 17:03:12,313 - apscheduler.scheduler - INFO - Scheduler started
2026-05-29 17:03:12,314 - __main__ - INFO - Бот запущен в штатном режиме.
2026-05-29 17:03:12,448 - aiogram.dispatcher - INFO - Start polling
2026-05-29 17:03:12,482 - aiogram.dispatcher - INFO - Run polling for bot @e_ksiegowa_bot id=7662501089 - '@e_k_bot_test'
2026-05-29 17:31:33,547 - aiogram.dispatcher - INFO - Polling stopped
2026-05-29 17:31:33,547 - aiogram.dispatcher - ERROR - Failed to fetch updates - TelegramNetworkError: HTTP Client says - ServerDisconnectedError: Server disconnected
2026-05-29 17:31:33,548 - aiogram.dispatcher - WARNING - Sleep for 1.000000 seconds and try again... (tryings = 0, bot id = 7662501089)
2026-05-29 17:31:33,802 - aiogram.dispatcher - INFO - Polling stopped for bot @e_ksiegowa_bot id=7662501089 - '@e_k_bot_test'
2026-05-30 00:19:58,998 - apscheduler.scheduler - INFO - Scheduler started
2026-05-30 00:19:59,000 - __main__ - INFO - Бот запущен в штатном режиме.
2026-05-30 00:19:59,190 - aiogram.dispatcher - INFO - Start polling
2026-05-30 00:19:59,237 - aiogram.dispatcher - INFO - Run polling for bot @e_ksiegowa_bot id=7662501089 - '@e_k_bot_test'
2026-05-30 00:21:08,458 - aiogram.dispatcher - INFO - Polling stopped
2026-05-30 00:21:08,459 - aiogram.dispatcher - ERROR - Failed to fetch updates - TelegramNetworkError: HTTP Client says - ServerDisconnectedError: Server disconnected
2026-05-30 00:21:08,459 - aiogram.dispatcher - WARNING - Sleep for 1.000000 seconds and try again... (tryings = 0, bot id = 7662501089)
2026-05-30 00:21:08,712 - aiogram.dispatcher - INFO - Polling stopped for bot @e_ksiegowa_bot id=7662501089 - '@e_k_bot_test'
2026-05-30 00:28:47,746 - apscheduler.scheduler - INFO - Scheduler started
2026-05-30 00:28:47,747 - __main__ - INFO - Бот запущен в штатном режиме.
2026-05-30 00:28:47,909 - aiogram.dispatcher - INFO - Start polling
2026-05-30 00:28:47,947 - aiogram.dispatcher - INFO - Run polling for bot @e_ksiegowa_bot id=7662501089 - '@e_k_bot_test'
2026-05-30 00:45:26,290 - aiogram.dispatcher - INFO - Polling stopped
2026-05-30 00:45:26,291 - aiogram.dispatcher - ERROR - Failed to fetch updates - TelegramNetworkError: HTTP Client says - ServerDisconnectedError: Server disconnected
2026-05-30 00:45:26,291 - aiogram.dispatcher - WARNING - Sleep for 1.000000 seconds and try again... (tryings = 0, bot id = 7662501089)
2026-05-30 00:45:26,548 - aiogram.dispatcher - INFO - Polling stopped for bot @e_ksiegowa_bot id=7662501089 - '@e_k_bot_test'
